[] INFO - Données invalides
[2025-01-20 22:33:15] INFO - Nouvelle connexion détectée
[2025-01-20 23:16:15] WARNING - Ressources limitées
[2025-01-21 00:13:15] INFO - Nouvelle connexion détectée
[2025-01-21 00:19:15] INFO - Mise à jour effectuée
[2025-01-21 00:46:15] WARNING - Réseau instable
[2025-01-21 01:43:15] INFO - Nouvelle connexion détectée
[2025-01-21 01:52:15] INFO - Nouvelle connexion détectée
[2025-01-21 02:23:15] WARNING - Ressources limitées
[] ERROR - 754596548224452114552414445
[2025-01-21 03:21:15] INFO - Reconnexion réussie
[2025-01-21 04:20:15] INFO - Nouvelle connexion détectée
[2025-01-21 05:09:15] INFO - Reconnexion réussie
[2025-01-21 05:42:15] ERROR - Échec de l’authentification
[2025-01-21 06:27:15] INFO - Mise à jour effectuée
[2025-01-21 07:01:15] WARNING - Réseau instable
[2025-01-21 08:01:15] WARNING - Mémoire faible
[2025-01-21 08:24:15] WARNING - Latence élevée détectée
[2025-01-21 08:52:15] INFO - Mise à jour effectuée
[2025-01-21 09:45:15] WARNING - Latence élevée détectée
[2025-01-21 10:45:15] WARNING - Réseau instable
[2025-01-21 11:20:15] INFO - Nouvelle connexion détectée
sdfgsdgf sdfsdf fsqfqfqhj gdfsdfvsd sdgssd
[2025-01-21 12:20:15] INFO - Nouvelle connexion détectée
[2025-01-21 12:42:15] WARNING - Mémoire faible
[2025-01-21 13:12:15] WARNING - Ressources limitées
[] INFO - Données invalides
[2025-01-21 14:12:15] WARNING - Latence élevée détectée
[2025-01-21 14:54:15] INFO - Nouvelle connexion détectée
[2025-01-21 15:41:15] WARNING - Réseau instable
[2025-01-21 16:35:15] WARNING - Mémoire faible
[2025-01-21 17:17:15] INFO - Mise à jour effectuée
[2025-01-21 17:40:15] WARNING - Latence élevée détectée
[2025-01-21 18:09:15] WARNING - Réseau instable
[2025-01-21 18:46:15] INFO - Reconnexion réussie
[2025-01-21 18:53:15] WARNING - Mémoire faible
[2025-01-21 19:24:15] INFO - Démarrage du service
[2025-01-21 20:05:15] WARNING - Réseau instable
[2025-01-21 20:12:15] INFO - Mise à jour effectuée
[2025-01-21 20:53:15] INFO - Reconnexion réussie
[2025-01-21 21:30:15] INFO - Reconnexion réussie
[2025-01-21 22:08:15] ERROR - Base de données inaccessible
[2025-01-21 23:06:15] INFO - Démarrage du service
[2025-01-21 23:17:15] INFO - Nouvelle connexion détectée
[2025-01-21 23:48:15] INFO - Mise à jour effectuée
[2025-01-22 00:13:15] INFO - Nouvelle connexion détectée
[2025-01-22 00:32:15] WARNING - Réseau instable
[2025-01-22 00:49:15] INFO - Reconnexion réussie
[2025-01-22 01:04:15] INFO - Reconnexion réussie
[2025-01-22 01:53:15] INFO - Nouvelle connexion détectée
[2025-01-22 02:28:15] INFO - Nouvelle connexion détectée
[2025-01-22 02:42:15] INFO - Mise à jour effectuée
[2025-01-22 03:30:15] INFO - Nouvelle connexion détectée
[2025-01-22 04:02:15] WARNING - Ressources limitées
[2025-01-22 04:33:15] WARNING - Mémoire faible
[2025-01-22 05:13:15] WARNING - Ressources limitées
[2025-01-22 06:06:15] WARNING - Ressources limitées
[2025-01-22 06:32:15] INFO - Démarrage du service
[2025-01-22 06:49:15] WARNING - Mémoire faible
[2025-01-22 06:58:15] WARNING - Mémoire faible
[2025-01-22 07:12:15] INFO - Mise à jour effectuée
[2025-01-22 08:02:15] WARNING - Latence élevée détectée
[2025-01-22 08:10:15] WARNING - Ressources limitées
[2025-01-22 09:01:15] WARNING - Latence élevée détectée
[2025-01-22 09:11:15] WARNING - Mémoire faible
[2025-01-22 09:49:15] INFO - Nouvelle connexion détectée
[2025-01-22 09:55:15] INFO - Démarrage du service
[2025-01-22 10:06:15] INFO - Nouvelle connexion détectée
[2025-01-22 10:39:15] INFO - Reconnexion réussie
[2025-01-22 10:56:15] WARNING - Ressources limitées
[2025-01-22 11:19:15] WARNING - Latence élevée détectée
[2025-01-22 12:09:15] WARNING - Ressources limitées
[2025-01-22 13:07:15] INFO - Nouvelle connexion détectée
[2025-01-22 13:46:15] INFO - Mise à jour effectuée
[2025-01-22 14:34:15] INFO - Démarrage du service
[2025-01-22 15:28:15] WARNING - Réseau instable
[2025-01-22 15:37:15] INFO - Reconnexion réussie
[2025-01-22 16:18:15] WARNING - Latence élevée détectée
[2025-01-22 16:52:15] WARNING - Ressources limitées
[2025-01-22 17:11:15] INFO - Reconnexion réussie
[2025-01-22 17:40:15] WARNING - Réseau instable
[2025-01-22 18:22:15] WARNING - Mémoire faible
[2025-01-22 19:18:15] WARNING - Réseau instable
[2025-01-22 19:52:15] WARNING - Latence élevée détectée
[2025-01-22 19:58:15] WARNING - Réseau instable
[2025-01-22 20:37:15] INFO - Démarrage du service
[2025-01-22 21:10:15] INFO - Nouvelle connexion détectée
[2025-01-22 21:52:15] WARNING - Réseau instable
[2025-01-22 22:08:15] WARNING - Réseau instable
[2025-01-22 22:46:15] INFO - Mise à jour effectuée
[2025-01-22 23:00:15] WARNING - Latence élevée détectée
[2025-01-22 23:33:15] INFO - Nouvelle connexion détectée
[2025-01-23 00:08:15] WARNING - Latence élevée détectée
[2025-01-23 00:32:15] WARNING - Réseau instable
[2025-01-23 00:45:15] WARNING - Ressources limitées
[2025-01-23 01:12:15] INFO - Démarrage du service
[2025-01-23 01:35:15] INFO - Mise à jour effectuée
[2025-01-23 02:14:15] WARNING - Mémoire faible
[2025-01-23 02:25:15] INFO - Nouvelle connexion détectée
[2025-01-23 02:33:15] INFO - Nouvelle connexion détectée
[2025-01-23 02:51:15] INFO - Nouvelle connexion détectée
[2025-01-23 03:31:15] INFO - Nouvelle connexion détectée
[2025-01-23 04:01:15] INFO - Mise à jour effectuée
[2025-01-23 04:39:15] WARNING - Ressources limitées
[2025-01-23 05:36:15] INFO - Mise à jour effectuée
[2025-01-23 05:58:15] WARNING - Latence élevée détectée
[2025-01-23 06:54:15] INFO - Démarrage du service
[2025-01-23 07:10:15] INFO - Nouvelle connexion détectée
[2025-01-23 08:06:15] WARNING - Ressources limitées
[2025-01-23 08:56:15] WARNING - Latence élevée détectée
[2025-01-23 09:03:15] INFO - Mise à jour effectuée
[2025-01-23 09:53:15] INFO - Démarrage du service
[2025-01-23 10:38:15] INFO - Mise à jour effectuée
[2025-01-23 11:08:15] INFO - Nouvelle connexion détectée
[2025-01-23 11:40:15] INFO - Nouvelle connexion détectée
[2025-01-23 12:02:15] INFO - Nouvelle connexion détectée
[2025-01-23 12:27:15] INFO - Mise à jour effectuée
[2025-01-23 12:43:15] ERROR - Base de données inaccessible
[2025-01-23 13:26:15] INFO - Reconnexion réussie
[2025-01-23 13:53:15] INFO - Mise à jour effectuée
[2025-01-23 14:22:15] WARNING - Ressources limitées
[2025-01-23 14:48:15] INFO - Démarrage du service
[2025-01-23 15:36:15] INFO - Démarrage du service
[2025-01-23 15:59:15] INFO - Mise à jour effectuée
[2025-01-23 16:35:15] WARNING - Mémoire faible
### MESSAGE CORROMPU ###
[2025-01-23 17:16:15] INFO - Nouvelle connexion détectée
[2025-01-23 17:54:15] WARNING - Ressources limitées
[2025-01-23 18:20:15] WARNING - Réseau instable
[2025-01-23 18:52:15] WARNING - Ressources limitées
[2025-01-23 19:31:15] INFO - Nouvelle connexion détectée
[2025-01-23 19:43:15] INFO - Démarrage du service
[2025-01-23 20:42:15] WARNING - Réseau instable
[2025-01-23 21:01:15] INFO - Nouvelle connexion détectée
[2025-01-23 21:47:15] INFO - Reconnexion réussie
[2025-01-23 21:58:15] INFO - Reconnexion réussie
[2025-01-23 22:36:15] INFO - Mise à jour effectuée
[2025-01-23 23:15:15] ERROR - Base de données inaccessible
[] ERROR - 754596548224452114552414445
[2025-01-23 23:30:15] WARNING - Latence élevée détectée
[2025-01-24 00:24:15] WARNING - Mémoire faible
[2025-01-24 00:48:15] WARNING - Latence élevée détectée
[2025-01-24 01:18:15] WARNING - Ressources limitées
[2025-01-24 01:57:15] WARNING - Réseau instable
[2025-01-24 02:04:15] WARNING - Réseau instable
[2025-01-24 02:12:15] INFO - Mise à jour effectuée
[2025-01-24 03:02:15] ERROR - Problème réseau détecté
[2025-01-24 03:51:15] INFO - Mise à jour effectuée
[2025-01-24 04:27:15] INFO - Nouvelle connexion détectée
[2025-01-24 04:50:15] INFO - Démarrage du service
cbngngFJyfrjfjFGHdFSDGVSDvvxcvxvxvXFSSDSDD
[2025-01-24 05:15:15] WARNING - Mémoire faible
[2025-01-24 06:10:15] WARNING - Latence élevée détectée
[2025-01-24 06:31:15] WARNING - Ressources limitées
[2025-01-24 06:58:15] INFO - Nouvelle connexion détectée
[2025-01-24 07:41:15] WARNING - Mémoire faible
[2025-01-24 08:09:15] INFO - Mise à jour effectuée
[2025-01-24 08:20:15] INFO - Reconnexion réussie
[2025-01-24 08:31:15] WARNING - Réseau instable
[2025-01-24 08:38:15] INFO - Nouvelle connexion détectée
[] ERROR - 754596548224452114552414445
AAAAADVVCVCXSCVcvc. bfSDDDDDDSSQSQVDVvvwwv
[2025-01-24 09:01:15] WARNING - Mémoire faible
[2025-01-24 09:24:15] INFO - Reconnexion réussie
[2025-01-24 09:55:15] ERROR - Base de données inaccessible
[2025-01-24 10:42:15] INFO - Démarrage du service
[2025-01-24 11:22:15] WARNING - Mémoire faible
[2025-01-24 12:15:15] INFO - Mise à jour effectuée
[2025-01-24 12:43:15] INFO - Démarrage du service
[2025-01-24 13:01:15] INFO - Démarrage du service
[2025-01-24 13:06:15] WARNING - Mémoire faible
### MESSAGE CORROMPU ###
[2025-01-24 13:18:15] INFO - Nouvelle connexion détectée
[2025-01-24 14:12:15] WARNING - Ressources limitées
[2025-01-24 15:04:15] INFO - Reconnexion réussie
[2025-01-24 15:09:15] WARNING - Réseau instable
[2025-01-24 15:36:15] WARNING - Mémoire faible
[2025-01-24 16:13:15] INFO - Démarrage du service
[2025-01-24 17:09:15] INFO - Mise à jour effectuée
cbngngFJyfrjfjFGHdFSDGVSDvvxcvxvxvXFSSDSDD
[2025-01-24 17:56:15] WARNING - Réseau instable
[2025-01-24 18:01:15] INFO - Reconnexion réussie
[2025-01-24 18:08:15] INFO - Reconnexion réussie
[2025-01-24 18:18:15] INFO - Mise à jour effectuée
[2025-01-24 18:37:15] INFO - Démarrage du service
[2025-01-24 19:32:15] WARNING - Mémoire faible
[2025-01-24 19:45:15] INFO - Mise à jour effectuée
[2025-01-24 20:11:15] INFO - Démarrage du service
[2025-01-24 20:47:15] INFO - Mise à jour effectuée
[2025-01-24 21:05:15] WARNING - Latence élevée détectée
[2025-01-24 21:27:15] WARNING - Latence élevée détectée
[2025-01-24 21:56:15] WARNING - Ressources limitées
[2025-01-24 22:28:15] INFO - Nouvelle connexion détectée
[] - WARNING - AFGTTYHHN JIIOLGFDD CFFGG
[2025-01-24 22:53:15] INFO - Mise à jour effectuée
[2025-01-24 23:16:15] WARNING - Ressources limitées
[2025-01-25 00:05:15] INFO - Reconnexion réussie
[2025-01-25 00:38:15] WARNING - Mémoire faible
[2025-01-25 00:55:15] WARNING - Mémoire faible
ERREUR SYSTEME: 0x00F45A
[2025-01-25 01:32:15] INFO - Nouvelle connexion détectée
[2025-01-25 02:20:15] WARNING - Ressources limitées
[2025-01-25 02:48:15] INFO - Démarrage du service
[2025-01-25 03:03:15] INFO - Démarrage du service
[2025-01-25 03:55:15] WARNING - Mémoire faible
[2025-01-25 04:33:15] INFO - Nouvelle connexion détectée
AAAAADVVCVCXSCVcvc. bfSDDDDDDSSQSQVDVvvwwv
[2025-01-25 04:51:15] WARNING - Ressources limitées
[2025-01-25 05:36:15] WARNING - Latence élevée détectée
[2025-01-25 05:57:15] WARNING - Latence élevée détectée
[2025-01-25 06:55:15] WARNING - Ressources limitées
[2025-01-25 07:30:15] INFO - Reconnexion réussie
[2025-01-25 07:59:15] INFO - Reconnexion réussie
[2025-01-25 08:23:15] WARNING - Mémoire faible
[2025-01-25 09:07:15] INFO - Reconnexion réussie
[2025-01-25 09:38:15] INFO - Mise à jour effectuée
[2025-01-25 10:14:15] WARNING - Mémoire faible
[2025-01-25 10:23:15] WARNING - Réseau instable
[2025-01-25 10:56:15] INFO - Démarrage du service
[2025-01-25 11:03:15] INFO - Démarrage du service
[2025-01-25 11:31:15] INFO - Reconnexion réussie
[2025-01-25 11:54:15] WARNING - Latence élevée détectée
[2025-01-25 12:51:15] WARNING - Mémoire faible
[2025-01-25 13:31:15] INFO - Démarrage du service
[2025-01-25 13:51:15] INFO - Reconnexion réussie
[2025-01-25 14:39:15] INFO - Nouvelle connexion détectée
[2025-01-25 14:57:15] WARNING - Latence élevée détectée
[2025-01-25 15:26:15] WARNING - Latence élevée détectée
[2025-01-25 15:35:15] INFO - Démarrage du service
[2025-01-25 15:58:15] WARNING - Mémoire faible
[2025-01-25 16:42:15] WARNING - Ressources limitées
[2025-01-25 17:05:15] WARNING - Latence élevée détectée
[2025-01-25 18:01:15] ERROR - Connexion perdue
cbngngFJyfrjfjFGHdFSDGVSDvvxcvxvxvXFSSDSDD
[2025-01-25 18:19:15] INFO - Reconnexion réussie
[2025-01-25 19:05:15] INFO - Reconnexion réussie
[] INFO - Données invalides
[2025-01-25 19:29:15] INFO - Reconnexion réussie
[2025-01-25 20:20:15] INFO - Mise à jour effectuée
[2025-01-25 20:40:15] WARNING - Latence élevée détectée
[2025-01-25 21:20:15] WARNING - Mémoire faible
[2025-01-25 22:02:15] WARNING - Latence élevée détectée
[] INFO - Données invalides
[2025-01-25 22:35:15] INFO - Mise à jour effectuée
[2025-01-25 22:41:15] INFO - Mise à jour effectuée
[2025-01-25 22:54:15] WARNING - Réseau instable
[2025-01-25 23:31:15] INFO - Mise à jour effectuée
[2025-01-26 00:28:15] INFO - Démarrage du service
[2025-01-26 00:43:15] INFO - Démarrage du service
[2025-01-26 01:01:15] WARNING - Réseau instable
[2025-01-26 01:25:15] INFO - Mise à jour effectuée
[2025-01-26 01:47:15] INFO - Démarrage du service
[2025-01-26 02:32:15] WARNING - Latence élevée détectée
[] INFO - Données invalides
[2025-01-26 02:58:15] INFO - Reconnexion réussie
[] ERROR - 754596548224452114552414445
[2025-01-26 03:47:15] INFO - Nouvelle connexion détectée
[2025-01-26 04:20:15] WARNING - Ressources limitées
[2025-01-26 04:44:15] WARNING - Mémoire faible
[2025-01-26 04:53:15] WARNING - Mémoire faible
[2025-01-26 05:27:15] WARNING - Réseau instable
[2025-01-26 06:24:15] ERROR - Échec de l’authentification
[2025-01-26 06:38:15] INFO - Nouvelle connexion détectée
### MESSAGE CORROMPU ###
[2025-01-26 07:23:15] WARNING - Ressources limitées
[2025-01-26 07:43:15] INFO - Nouvelle connexion détectée
[2025-01-26 08:08:15] WARNING - Mémoire faible
[2025-01-26 08:44:15] INFO - Mise à jour effectuée
[2025-01-26 09:24:15] INFO - Mise à jour effectuée
[2025-01-26 10:22:15] WARNING - Mémoire faible
[2025-01-26 11:21:15] INFO - Nouvelle connexion détectée
[2025-01-26 12:03:15] WARNING - Latence élevée détectée
[2025-01-26 12:47:15] WARNING - Ressources limitées
[2025-01-26 13:34:15] WARNING - Ressources limitées
[2025-01-26 13:46:15] INFO - Reconnexion réussie
[2025-01-26 14:11:15] WARNING - Latence élevée détectée
[2025-01-26 14:52:15] INFO - Nouvelle connexion détectée
[2025-01-26 15:03:15] WARNING - Ressources limitées
[2025-01-26 15:32:15] WARNING - Ressources limitées
[2025-01-26 16:19:15] INFO - Mise à jour effectuée
[2025-01-26 16:45:15] INFO - Mise à jour effectuée
ERREUR SYSTEME: 0x00F45A
[2025-01-26 17:31:15] INFO - Reconnexion réussie
[2025-01-26 18:00:15] WARNING - Réseau instable
[2025-01-26 18:33:15] WARNING - Ressources limitées
[2025-01-26 19:32:15] WARNING - Mémoire faible
[2025-01-26 19:40:15] WARNING - Ressources limitées
[2025-01-26 19:48:15] ERROR - Échec de l’authentification
[2025-01-26 20:21:15] INFO - Mise à jour effectuée
[2025-01-26 21:12:15] WARNING - Réseau instable
[2025-01-26 21:25:15] WARNING - Mémoire faible
[2025-01-26 21:52:15] WARNING - Latence élevée détectée
[2025-01-26 22:25:15] WARNING - Réseau instable
[2025-01-26 22:49:15] ERROR - Base de données inaccessible
[2025-01-26 23:12:15] WARNING - Latence élevée détectée
[2025-01-26 23:36:15] WARNING - Mémoire faible
[2025-01-27 00:11:15] WARNING - Ressources limitées
[2025-01-27 00:22:15] INFO - Mise à jour effectuée
[2025-01-27 01:06:15] WARNING - Latence élevée détectée
[2025-01-27 02:02:15] INFO - Reconnexion réussie
[2025-01-27 02:35:15] INFO - Mise à jour effectuée
[2025-01-27 03:28:15] INFO - Nouvelle connexion détectée
[2025-01-27 04:28:15] INFO - Reconnexion réussie
[2025-01-27 05:24:15] WARNING - Réseau instable
[2025-01-27 06:11:15] INFO - Nouvelle connexion détectée
[2025-01-27 06:44:15] WARNING - Réseau instable
[2025-01-27 07:12:15] INFO - Démarrage du service
[2025-01-27 07:27:15] WARNING - Ressources limitées
[2025-01-27 08:03:15] WARNING - Réseau instable
[2025-01-27 08:33:15] WARNING - Ressources limitées
[2025-01-27 09:28:15] INFO - Nouvelle connexion détectée
[2025-01-27 10:24:15] INFO - Mise à jour effectuée
[2025-01-27 10:40:15] INFO - Mise à jour effectuée
[2025-01-27 10:54:15] WARNING - Ressources limitées
[2025-01-27 11:43:15] WARNING - Ressources limitées
[2025-01-27 12:37:15] INFO - Démarrage du service
[2025-01-27 13:29:15] WARNING - Réseau instable
ERREUR SYSTEME: 0x00F45A
[2025-01-27 14:13:15] WARNING - Ressources limitées
[2025-01-27 14:26:15] WARNING - Réseau instable
[2025-01-27 15:20:15] INFO - Mise à jour effectuée
[2025-01-27 15:54:15] INFO - Nouvelle connexion détectée
[2025-01-27 16:05:15] WARNING - Réseau instable
[2025-01-27 16:29:15] INFO - Reconnexion réussie
[2025-01-27 17:07:15] INFO - Nouvelle connexion détectée
[2025-01-27 17:38:15] INFO - Démarrage du service
[] INFO - Données invalides
ERREUR SYSTEME: 0x00F45A
[2025-01-27 17:58:15] INFO - Nouvelle connexion détectée
sdfgsdgf sdfsdf fsqfqfqhj gdfsdfvsd sdgssd
[2025-01-27 18:42:15] WARNING - Réseau instable
[2025-01-27 19:05:15] INFO - Reconnexion réussie
[2025-01-27 19:35:15] WARNING - Réseau instable
[2025-01-27 20:35:15] INFO - Démarrage du service
[2025-01-27 20:58:15] WARNING - Latence élevée détectée
[2025-01-27 21:09:15] INFO - Nouvelle connexion détectée
[2025-01-27 21:41:15] WARNING - Réseau instable
[2025-01-27 21:52:15] WARNING - Réseau instable
[2025-01-27 22:04:15] INFO - Nouvelle connexion détectée
[2025-01-27 22:46:15] INFO - Démarrage du service
[2025-01-27 22:51:15] WARNING - Latence élevée détectée
ERREUR SYSTEME: 0x00F45A
[2025-01-27 23:06:15] INFO - Démarrage du service
sdfgsdgf sdfsdf fsqfqfqhj gdfsdfvsd sdgssd
[2025-01-27 23:15:15] INFO - Mise à jour effectuée
[2025-01-27 23:34:15] INFO - Démarrage du service
[2025-01-27 23:53:15] WARNING - Ressources limitées
[2025-01-28 00:50:15] WARNING - Mémoire faible
[2025-01-28 01:28:15] INFO - Nouvelle connexion détectée
[2025-01-28 02:08:15] WARNING - Ressources limitées
[2025-01-28 02:43:15] WARNING - Latence élevée détectée
[2025-01-28 02:52:15] INFO - Nouvelle connexion détectée
[] - WARNING - AFGTTYHHN JIIOLGFDD CFFGG
[2025-01-28 03:36:15] WARNING - Latence élevée détectée
[2025-01-28 04:28:15] INFO - Nouvelle connexion détectée
[2025-01-28 05:07:15] WARNING - Mémoire faible
[2025-01-28 05:30:15] WARNING - Latence élevée détectée
[2025-01-28 05:50:15] WARNING - Mémoire faible
[2025-01-28 06:22:15] WARNING - Réseau instable
[2025-01-28 06:31:15] INFO - Mise à jour effectuée
[2025-01-28 06:47:15] INFO - Mise à jour effectuée
[2025-01-28 07:38:15] INFO - Démarrage du service
[2025-01-28 08:16:15] INFO - Reconnexion réussie
[2025-01-28 08:32:15] INFO - Mise à jour effectuée
[2025-01-28 08:41:15] WARNING - Ressources limitées
[2025-01-28 09:24:15] WARNING - Ressources limitées
[2025-01-28 09:31:15] INFO - Nouvelle connexion détectée
[2025-01-28 10:22:15] INFO - Reconnexion réussie
[2025-01-28 10:50:15] WARNING - Latence élevée détectée
[2025-01-28 11:26:15] INFO - Nouvelle connexion détectée
[] INFO - Données invalides
[2025-01-28 12:05:15] WARNING - Mémoire faible
[2025-01-28 12:40:15] WARNING - Réseau instable
[2025-01-28 13:27:15] WARNING - Latence élevée détectée
[2025-01-28 14:12:15] INFO - Nouvelle connexion détectée
### MESSAGE CORROMPU ###
[] ERROR - 754596548224452114552414445
[2025-01-28 14:48:15] INFO - Démarrage du service
[2025-01-28 15:43:15] INFO - Reconnexion réussie
[2025-01-28 16:39:15] WARNING - Ressources limitées
[2025-01-28 16:50:15] INFO - Nouvelle connexion détectée
### MESSAGE CORROMPU ###
[2025-01-28 17:11:15] INFO - Reconnexion réussie
[2025-01-28 17:19:15] INFO - Reconnexion réussie
[2025-01-28 17:26:15] WARNING - Mémoire faible
[2025-01-28 18:06:15] WARNING - Mémoire faible
[2025-01-28 18:21:15] INFO - Mise à jour effectuée
[2025-01-28 18:48:15] WARNING - Latence élevée détectée
[2025-01-28 19:06:15] INFO - Démarrage du service
[2025-01-28 19:18:15] WARNING - Réseau instable
[2025-01-28 20:11:15] WARNING - Réseau instable
[2025-01-28 20:33:15] WARNING - Réseau instable
[2025-01-28 21:25:15] INFO - Reconnexion réussie
[2025-01-28 21:46:15] INFO - Nouvelle connexion détectée
cbngngFJyfrjfjFGHdFSDGVSDvvxcvxvxvXFSSDSDD
[2025-01-28 22:26:15] INFO - Nouvelle connexion détectée
[2025-01-28 23:10:15] INFO - Nouvelle connexion détectée
[2025-01-28 23:24:15] WARNING - Latence élevée détectée
[2025-01-28 23:36:15] INFO - Démarrage du service
[2025-01-29 00:03:15] INFO - Reconnexion réussie
[2025-01-29 00:22:15] INFO - Reconnexion réussie
[2025-01-29 01:19:15] INFO - Mise à jour effectuée
[2025-01-29 01:29:15] WARNING - Réseau instable
[2025-01-29 01:55:15] WARNING - Réseau instable
[2025-01-29 02:51:15] INFO - Nouvelle connexion détectée
[2025-01-29 03:44:15] WARNING - Ressources limitées
[2025-01-29 04:25:15] INFO - Mise à jour effectuée
[2025-01-29 05:22:15] WARNING - Mémoire faible
[2025-01-29 06:17:15] INFO - Mise à jour effectuée
[2025-01-29 06:35:15] WARNING - Réseau instable
[2025-01-29 06:57:15] INFO - Nouvelle connexion détectée
[2025-01-29 07:02:15] WARNING - Réseau instable
[2025-01-29 07:35:15] INFO - Démarrage du service
[2025-01-29 07:51:15] WARNING - Ressources limitées
[2025-01-29 08:36:15] INFO - Nouvelle connexion détectée
[2025-01-29 08:55:15] WARNING - Mémoire faible
[] INFO - Données invalides
[2025-01-29 09:29:15] INFO - Mise à jour effectuée
[2025-01-29 09:34:15] WARNING - Mémoire faible
ERREUR SYSTEME: 0x00F45A
[2025-01-29 09:51:15] WARNING - Réseau instable
[2025-01-29 09:59:15] WARNING - Mémoire faible
[2025-01-29 10:27:15] INFO - Reconnexion réussie
[2025-01-29 11:06:15] INFO - Reconnexion réussie
[2025-01-29 11:57:15] WARNING - Mémoire faible
[2025-01-29 12:48:15] WARNING - Latence élevée détectée
[2025-01-29 13:28:15] INFO - Reconnexion réussie
[2025-01-29 14:03:15] WARNING - Mémoire faible
[2025-01-29 14:33:15] INFO - Démarrage du service
[2025-01-29 14:41:15] INFO - Nouvelle connexion détectée
[2025-01-29 15:08:15] WARNING - Réseau instable
[2025-01-29 15:49:15] WARNING - Mémoire faible
[2025-01-29 16:32:15] WARNING - Réseau instable
[2025-01-29 17:29:15] WARNING - Latence élevée détectée
[2025-01-29 18:12:15] WARNING - Latence élevée détectée
[2025-01-29 19:06:15] INFO - Nouvelle connexion détectée
[2025-01-29 19:22:15] INFO - Nouvelle connexion détectée
[2025-01-29 20:11:15] INFO - Reconnexion réussie
[2025-01-29 20:17:15] INFO - Mise à jour effectuée
[2025-01-29 20:29:15] WARNING - Ressources limitées
[2025-01-29 20:39:15] INFO - Démarrage du service
[2025-01-29 20:52:15] WARNING - Ressources limitées
[2025-01-29 21:06:15] WARNING - Ressources limitées
[2025-01-29 21:51:15] WARNING - Ressources limitées
[2025-01-29 22:34:15] INFO - Reconnexion réussie
[2025-01-29 22:57:15] WARNING - Ressources limitées
[2025-01-29 23:18:15] WARNING - Mémoire faible
[2025-01-29 23:25:15] INFO - Reconnexion réussie
[2025-01-29 23:40:15] INFO - Mise à jour effectuée
[2025-01-30 00:19:15] INFO - Mise à jour effectuée
[2025-01-30 01:02:15] WARNING - Mémoire faible
AAAAADVVCVCXSCVcvc. bfSDDDDDDSSQSQVDVvvwwv
[2025-01-30 01:19:15] WARNING - Mémoire faible
[2025-01-30 01:50:15] INFO - Démarrage du service
[2025-01-30 02:32:15] WARNING - Réseau instable
[2025-01-30 03:01:15] INFO - Nouvelle connexion détectée
[2025-01-30 03:56:15] WARNING - Mémoire faible
[2025-01-30 04:18:15] INFO - Nouvelle connexion détectée
[2025-01-30 04:39:15] WARNING - Mémoire faible
[] INFO - Données invalides
[] INFO - Données invalides
[2025-01-30 04:59:15] WARNING - Latence élevée détectée
[2025-01-30 05:47:15] INFO - Mise à jour effectuée
[2025-01-30 06:35:15] INFO - Nouvelle connexion détectée
[2025-01-30 06:49:15] WARNING - Latence élevée détectée
[2025-01-30 07:49:15] INFO - Démarrage du service
[2025-01-30 08:41:15] WARNING - Mémoire faible
[2025-01-30 09:40:15] WARNING - Latence élevée détectée
[] - WARNING - AFGTTYHHN JIIOLGFDD CFFGG
[2025-01-30 10:22:15] INFO - Reconnexion réussie
[2025-01-30 10:55:15] WARNING - Latence élevée détectée
[2025-01-30 11:36:15] INFO - Nouvelle connexion détectée
[2025-01-30 11:44:15] WARNING - Mémoire faible
[2025-01-30 12:28:15] INFO - Reconnexion réussie
[2025-01-30 13:17:15] INFO - Démarrage du service
[2025-01-30 13:53:15] WARNING - Latence élevée détectée
### MESSAGE CORROMPU ###
[2025-01-30 14:03:15] WARNING - Réseau instable
[2025-01-30 14:59:15] INFO - Reconnexion réussie
[2025-01-30 15:45:15] INFO - Démarrage du service
[2025-01-30 16:33:15] WARNING - Latence élevée détectée
[2025-01-30 16:38:15] WARNING - Ressources limitées
[2025-01-30 16:56:15] INFO - Mise à jour effectuée
[2025-01-30 17:41:15] INFO - Démarrage du service
[2025-01-30 18:05:15] INFO - Mise à jour effectuée
[2025-01-30 18:21:15] WARNING - Ressources limitées
cbngngFJyfrjfjFGHdFSDGVSDvvxcvxvxvXFSSDSDD
[2025-01-30 18:39:15] WARNING - Ressources limitées
[2025-01-30 19:31:15] WARNING - Réseau instable
[2025-01-30 20:11:15] INFO - Nouvelle connexion détectée
[2025-01-30 20:34:15] WARNING - Mémoire faible
[2025-01-30 21:17:15] WARNING - Mémoire faible
[2025-01-30 22:16:15] WARNING - Mémoire faible
[2025-01-30 23:16:15] INFO - Nouvelle connexion détectée
[2025-01-30 23:29:15] INFO - Nouvelle connexion détectée
[2025-01-30 23:59:15] INFO - Démarrage du service
[2025-01-31 00:13:15] WARNING - Mémoire faible
[2025-01-31 00:59:15] WARNING - Réseau instable
[2025-01-31 01:46:15] INFO - Reconnexion réussie
[2025-01-31 02:43:15] INFO - Mise à jour effectuée
